<?xml version="1.0" encoding="UTF-8"?>
<testng-results ignored="0" total="3" passed="3" failed="0" skipped="0">
  <reporter-output>
  </reporter-output>
  <suite started-at="2024-03-30T02:01:17 CET" name="Default suite" finished-at="2024-03-30T02:01:46 CET" duration-ms="29647">
    <groups>
      <group name="Smoke">
        <method signature="FillFormEcomTest.fillFormHappyFlow(java.util.HashMap)[pri:0, instance:AppiumProject.Framework.FillFormEcomTest@cb0755b]" name="fillFormHappyFlow" class="AppiumProject.Framework.FillFormEcomTest"/>
      </group> <!-- Smoke -->
    </groups>
    <test started-at="2024-03-30T02:01:17 CET" name="Default test" finished-at="2024-03-30T02:01:46 CET" duration-ms="29647">
      <class name="AppiumProject.Framework.FillFormEcomTest">
        <test-method is-config="true" signature="configureAppium()[pri:0, instance:AppiumProject.Framework.FillFormEcomTest@cb0755b]" started-at="2024-03-30T02:01:17 CET" name="configureAppium" finished-at="2024-03-30T02:01:23 CET" duration-ms="5726" status="PASS">
          <reporter-output>
          </reporter-output>
        </test-method> <!-- configureAppium -->
        <test-method is-config="true" signature="preSetup()[pri:0, instance:AppiumProject.Framework.FillFormEcomTest@cb0755b]" started-at="2024-03-30T02:01:23 CET" name="preSetup" finished-at="2024-03-30T02:01:23 CET" duration-ms="95" status="PASS">
          <reporter-output>
          </reporter-output>
        </test-method> <!-- preSetup -->
        <test-method signature="fillFormHappyFlow(java.util.HashMap)[pri:0, instance:AppiumProject.Framework.FillFormEcomTest@cb0755b]" started-at="2024-03-30T02:01:23 CET" name="fillFormHappyFlow" data-provider="getData" finished-at="2024-03-30T02:01:37 CET" duration-ms="14243" status="PASS">
          <params>
            <param index="0">
              <value>
                <![CDATA[{name=Sneakers, country=Bahamas, gender=Male}]]>
              </value>
            </param>
          </params>
          <reporter-output>
          </reporter-output>
        </test-method> <!-- fillFormHappyFlow -->
        <test-method is-config="true" signature="preSetup()[pri:0, instance:AppiumProject.Framework.FillFormEcomTest@cb0755b]" started-at="2024-03-30T02:01:37 CET" name="preSetup" finished-at="2024-03-30T02:01:37 CET" duration-ms="107" status="PASS">
          <reporter-output>
          </reporter-output>
        </test-method> <!-- preSetup -->
        <test-method signature="fillFormHappyFlow(java.util.HashMap)[pri:0, instance:AppiumProject.Framework.FillFormEcomTest@cb0755b]" started-at="2024-03-30T02:01:37 CET" name="fillFormHappyFlow" data-provider="getData" finished-at="2024-03-30T02:01:45 CET" duration-ms="8222" status="PASS">
          <params>
            <param index="0">
              <value>
                <![CDATA[{name=Heels, country=Belarus, gender=Female}]]>
              </value>
            </param>
          </params>
          <reporter-output>
          </reporter-output>
        </test-method> <!-- fillFormHappyFlow -->
        <test-method is-config="true" signature="preSetup()[pri:0, instance:AppiumProject.Framework.FillFormEcomTest@cb0755b]" started-at="2024-03-30T02:01:45 CET" name="preSetup" finished-at="2024-03-30T02:01:45 CET" duration-ms="75" status="PASS">
          <reporter-output>
          </reporter-output>
        </test-method> <!-- preSetup -->
        <test-method signature="fillFormNegativeFlow()[pri:0, instance:AppiumProject.Framework.FillFormEcomTest@cb0755b]" started-at="2024-03-30T02:01:45 CET" name="fillFormNegativeFlow" finished-at="2024-03-30T02:01:46 CET" duration-ms="1049" status="PASS">
          <reporter-output>
          </reporter-output>
        </test-method> <!-- fillFormNegativeFlow -->
        <test-method is-config="true" signature="tearDown()[pri:0, instance:AppiumProject.Framework.FillFormEcomTest@cb0755b]" started-at="2024-03-30T02:01:46 CET" name="tearDown" finished-at="2024-03-30T02:01:46 CET" duration-ms="1" status="PASS">
          <reporter-output>
          </reporter-output>
        </test-method> <!-- tearDown -->
      </class> <!-- AppiumProject.Framework.FillFormEcomTest -->
    </test> <!-- Default test -->
  </suite> <!-- Default suite -->
</testng-results>
