<?xml version="1.0" encoding="UTF-8"?>
<!-- Generated by org.testng.reporters.JUnitXMLReporter -->
<testsuite ignored="1" hostname="Rahuls-MBP-2" failures="1" tests="2" name="Form Fill Ecom App Test" time="34.622" errors="0" timestamp="2024-03-29T18:09:20 CET">
  <testcase classname="AppiumProject.Framework.FillFormEcomTest" name="fillFormHappyFlow" time="15.344"/>
  <testcase classname="AppiumProject.Framework.FillFormEcomTest" name="fillFormHappyFlow" time="13.315">
    <failure type="org.openqa.selenium.NoSuchElementException" message="An element could not be located on the page using the given search parameters.
For documentation on this error, please visit: https://www.selenium.dev/documentation/webdriver/troubleshooting/errors#no-such-element-exception
Build info: version: &amp;apos;4.19.0&amp;apos;, revision: &amp;apos;5f9cec8963&amp;apos;
System info: os.name: &amp;apos;Mac OS X&amp;apos;, os.arch: &amp;apos;aarch64&amp;apos;, os.version: &amp;apos;13.3.1&amp;apos;, java.version: &amp;apos;17.0.8.1&amp;apos;
Driver info: io.appium.java_client.android.AndroidDriver
Command: [b579d33f-b732-451a-986a-76f4d56093d4, findElement {using=-android uiautomator, value=new UiScrollable(new UiSelector()).scrollIntoView(text(&amp;quot;Belarus&amp;quot;));}]
Capabilities {appium:app: /Users/rahul/AppiumLearning..., appium:appPackage: com.androidsample.generalstore, appium:automationName: UIAutomator2, appium:chromedriverExecutable: /Users/rahul/AppiumLearning..., appium:databaseEnabled: false, appium:desired: {app: /Users/rahul/AppiumLearning..., automationName: UIAutomator2, chromedriverExecutable: /Users/rahul/AppiumLearning..., deviceName: RahulPixel, platformName: ANDROID}, appium:deviceApiLevel: 33, appium:deviceManufacturer: Google, appium:deviceModel: sdk_gphone64_arm64, appium:deviceName: emulator-5554, appium:deviceScreenDensity: 420, appium:deviceScreenSize: 1080x2400, appium:deviceUDID: emulator-5554, appium:javascriptEnabled: true, appium:locationContextEnabled: false, appium:networkConnectionEnabled: true, appium:pixelRatio: 2.625, appium:platformVersion: 13, appium:statBarHeight: 136, appium:takesScreenshot: true, appium:viewportRect: {height: 2264, left: 0, top: 136, width: 1080}, appium:warnings: {}, appium:webStorageEnabled: false, platformName: ANDROID}
Session ID: b579d33f-b732-451a-986a-76f4d56093d4">
      <![CDATA[org.openqa.selenium.NoSuchElementException: An element could not be located on the page using the given search parameters.
For documentation on this error, please visit: https://www.selenium.dev/documentation/webdriver/troubleshooting/errors#no-such-element-exception
Build info: version: '4.19.0', revision: '5f9cec8963'
System info: os.name: 'Mac OS X', os.arch: 'aarch64', os.version: '13.3.1', java.version: '17.0.8.1'
Driver info: io.appium.java_client.android.AndroidDriver
Command: [b579d33f-b732-451a-986a-76f4d56093d4, findElement {using=-android uiautomator, value=new UiScrollable(new UiSelector()).scrollIntoView(text("Belarus"));}]
Capabilities {appium:app: /Users/rahul/AppiumLearning..., appium:appPackage: com.androidsample.generalstore, appium:automationName: UIAutomator2, appium:chromedriverExecutable: /Users/rahul/AppiumLearning..., appium:databaseEnabled: false, appium:desired: {app: /Users/rahul/AppiumLearning..., automationName: UIAutomator2, chromedriverExecutable: /Users/rahul/AppiumLearning..., deviceName: RahulPixel, platformName: ANDROID}, appium:deviceApiLevel: 33, appium:deviceManufacturer: Google, appium:deviceModel: sdk_gphone64_arm64, appium:deviceName: emulator-5554, appium:deviceScreenDensity: 420, appium:deviceScreenSize: 1080x2400, appium:deviceUDID: emulator-5554, appium:javascriptEnabled: true, appium:locationContextEnabled: false, appium:networkConnectionEnabled: true, appium:pixelRatio: 2.625, appium:platformVersion: 13, appium:statBarHeight: 136, appium:takesScreenshot: true, appium:viewportRect: {height: 2264, left: 0, top: 136, width: 1080}, appium:warnings: {}, appium:webStorageEnabled: false, platformName: ANDROID}
Session ID: b579d33f-b732-451a-986a-76f4d56093d4
at org.openqa.selenium.remote.ErrorCodec.decode(ErrorCodec.java:167)
at org.openqa.selenium.remote.codec.w3c.W3CHttpResponseCodec.decode(W3CHttpResponseCodec.java:138)
at org.openqa.selenium.remote.codec.w3c.W3CHttpResponseCodec.decode(W3CHttpResponseCodec.java:50)
at org.openqa.selenium.remote.HttpCommandExecutor.execute(HttpCommandExecutor.java:190)
at io.appium.java_client.remote.AppiumCommandExecutor.execute(AppiumCommandExecutor.java:237)
at org.openqa.selenium.remote.RemoteWebDriver.execute(RemoteWebDriver.java:518)
at org.openqa.selenium.remote.ElementLocation$ElementFinder$2.findElement(ElementLocation.java:165)
at org.openqa.selenium.remote.ElementLocation.findElement(ElementLocation.java:59)
at org.openqa.selenium.remote.RemoteWebDriver.findElement(RemoteWebDriver.java:355)
at org.openqa.selenium.remote.RemoteWebDriver.findElement(RemoteWebDriver.java:349)
at AppiumProject.Framework.utils.AndroidActionsGestures.scrollToText(AndroidActionsGestures.java:47)
at AppiumProject.Framework.pageObjects.android.FormPage.selectCountry(FormPage.java:77)
at AppiumProject.Framework.FillFormEcomTest.fillFormHappyFlow(FillFormEcomTest.java:111)
at java.base/java.util.ArrayList.forEach(ArrayList.java:1511)
... Removed 32 stack frames]]>
    </failure>
  </testcase> <!-- fillFormHappyFlow -->
  <testcase classname="AppiumProject.Framework.FillFormEcomTest" name="fillFormNegativeFlow" time="0.0">
    <ignored/>
  </testcase> <!-- fillFormNegativeFlow -->
</testsuite> <!-- Form Fill Ecom App Test -->
