<?xml version="1.0" encoding="UTF-8"?>
<!-- Generated by org.testng.reporters.JUnitXMLReporter -->
<testsuite ignored="0" hostname="Rahuls-MBP-2" failures="0" tests="3" name="Default test" time="29.647" errors="0" timestamp="2024-03-30T02:01:48 CET">
  <testcase classname="AppiumProject.Framework.FillFormEcomTest" name="fillFormHappyFlow" time="14.243"/>
  <testcase classname="AppiumProject.Framework.FillFormEcomTest" name="fillFormHappyFlow" time="8.222"/>
  <testcase classname="AppiumProject.Framework.FillFormEcomTest" name="fillFormNegativeFlow" time="1.049"/>
</testsuite> <!-- Default test -->
